2002/11/22 23:26:24 Starting cygwin install, version 2.249.2.5
2002/11/22 23:26:24 Current Directory: C:\Documents and Settings\Greg\Desktop
2002/11/22 23:26:26 source: network install
2002/11/22 23:26:35 root: C:\cygwin text system
2002/11/22 23:26:53 Selected local directory: C:\downloads4\cygwin2
2002/11/22 23:26:54 net: Direct
2002/11/22 23:27:26 site: ftp://archive.progeny.com/cygwin
2002/11/22 23:27:26 site: http://prc-tools.sourceforge.net/install
2002/11/22 23:27:28 compress_bz::error called
2002/11/22 23:27:28 compress_bz::error called
2002/11/22 23:28:46 site: ftp://archive.progeny.com/cygwin
2002/11/22 23:28:46 site: http://prc-tools.sourceforge.net/install
2002/11/22 23:28:47 compress_bz::error called
2002/11/22 23:28:47 compress_bz::error called
2002/11/22 23:29:19 Downloaded C:\downloads4\cygwin2/ftp%3a%2f%2farchive.progeny.com%2fcygwin/release/ash/ash-20020731-1.tar.bz2
2002/11/22 23:29:19 Downloaded C:\downloads4\cygwin2/ftp%3a%2f%2farchive.progeny.com%2fcygwin/release/base-files/base-files-1.0-1.tar.bz2
2002/11/22 23:29:20 Downloaded C:\downloads4\cygwin2/ftp%3a%2f%2farchive.progeny.com%2fcygwin/release/base-passwd/base-passwd-1.0-1.tar.bz2
2002/11/22 23:29:25 Downloaded C:\downloads4\cygwin2/ftp%3a%2f%2farchive.progeny.com%2fcygwin/release/bash/bash-2.05b-8.tar.bz2
2002/11/22 23:29:45 Downloaded C:\downloads4\cygwin2/ftp%3a%2f%2farchive.progeny.com%2fcygwin/release/binutils/binutils-20021117-1.tar.bz2
2002/11/22 23:29:50 Downloaded C:\downloads4\cygwin2/ftp%3a%2f%2farchive.progeny.com%2fcygwin/release/cygwin/cygwin-1.3.15-2.tar.bz2
2002/11/22 23:29:50 Downloaded C:\downloads4\cygwin2/ftp%3a%2f%2farchive.progeny.com%2fcygwin/release/diff/diff-1.0-1.tar.bz2
2002/11/22 23:29:52 Downloaded C:\downloads4\cygwin2/ftp%3a%2f%2farchive.progeny.com%2fcygwin/release/diffutils/diffutils-2.8.1-1.tar.bz2
2002/11/22 23:29:53 Downloaded C:\downloads4\cygwin2/ftp%3a%2f%2farchive.progeny.com%2fcygwin/release/fileutils/fileutils-4.1-1.tar.bz2
2002/11/22 23:29:54 Downloaded C:\downloads4\cygwin2/ftp%3a%2f%2farchive.progeny.com%2fcygwin/release/findutils/findutils-4.1.7-4.tar.bz2
2002/11/22 23:29:59 Downloaded C:\downloads4\cygwin2/ftp%3a%2f%2farchive.progeny.com%2fcygwin/release/gawk/gawk-3.1.1-5.tar.bz2
2002/11/22 23:30:00 Downloaded C:\downloads4\cygwin2/ftp%3a%2f%2farchive.progeny.com%2fcygwin/release/gdbm/gdbm-1.8.0-4.tar.bz2
2002/11/22 23:30:00 Downloaded C:\downloads4\cygwin2/ftp%3a%2f%2farchive.progeny.com%2fcygwin/release/grep/grep-2.5-1.tar.bz2
2002/11/22 23:30:01 Downloaded C:\downloads4\cygwin2/ftp%3a%2f%2farchive.progeny.com%2fcygwin/release/gzip/gzip-1.3.3-4.tar.bz2
2002/11/22 23:30:06 Downloaded C:\downloads4\cygwin2/ftp%3a%2f%2farchive.progeny.com%2fcygwin/release/libiconv/libiconv2/libiconv2-1.8-2.tar.bz2
2002/11/22 23:30:06 Downloaded C:\downloads4\cygwin2/ftp%3a%2f%2farchive.progeny.com%2fcygwin/release/gettext/libintl1/libintl1-0.10.40-1.tar.bz2
2002/11/22 23:30:07 Downloaded C:\downloads4\cygwin2/ftp%3a%2f%2farchive.progeny.com%2fcygwin/release/gettext/libintl2/libintl2-0.11.5-1.tar.bz2
2002/11/22 23:30:08 Downloaded C:\downloads4\cygwin2/ftp%3a%2f%2farchive.progeny.com%2fcygwin/release/ncurses/libncurses5/libncurses5-5.2-1.tar.bz2
2002/11/22 23:30:09 Downloaded C:\downloads4\cygwin2/ftp%3a%2f%2farchive.progeny.com%2fcygwin/release/ncurses/libncurses6/libncurses6-5.2-8.tar.bz2
2002/11/22 23:30:10 Downloaded C:\downloads4\cygwin2/ftp%3a%2f%2farchive.progeny.com%2fcygwin/release/readline/libreadline4/libreadline4-4.1-2.tar.bz2
2002/11/22 23:30:11 Downloaded C:\downloads4\cygwin2/ftp%3a%2f%2farchive.progeny.com%2fcygwin/release/readline/libreadline5/libreadline5-4.3-2.tar.bz2
2002/11/22 23:30:11 Downloaded C:\downloads4\cygwin2/ftp%3a%2f%2farchive.progeny.com%2fcygwin/release/login/login-1.7-1.tar.bz2
2002/11/22 23:30:12 Downloaded C:\downloads4\cygwin2/ftp%3a%2f%2farchive.progeny.com%2fcygwin/release/make/make-3.79.1-7.tar.bz2
2002/11/22 23:30:20 Downloaded C:\downloads4\cygwin2/ftp%3a%2f%2farchive.progeny.com%2fcygwin/release/ncurses/ncurses-5.2-8.tar.bz2
2002/11/22 23:30:20 Downloaded C:\downloads4\cygwin2/ftp%3a%2f%2farchive.progeny.com%2fcygwin/release/pcre/pcre-3.7-1.tar.bz2
2002/11/22 23:30:23 Downloaded C:\downloads4\cygwin2/http%3a%2f%2fprc-tools.sourceforge.net%2finstall/pilrc/pilrc-2.9p2-cygwin.tar.bz2
2002/11/22 23:31:41 Downloaded C:\downloads4\cygwin2/http%3a%2f%2fprc-tools.sourceforge.net%2finstall/prc-tools/prc-tools-2.2-cygwin.tar.bz2
2002/11/22 23:31:56 Downloaded C:\downloads4\cygwin2/http%3a%2f%2fprc-tools.sourceforge.net%2finstall/prc-tools/prc-tools-htmldocs-2.2-cygwin.tar.bz2
2002/11/22 23:31:57 Downloaded C:\downloads4\cygwin2/ftp%3a%2f%2farchive.progeny.com%2fcygwin/release/readline/readline-4.3-2.tar.bz2
2002/11/22 23:31:58 Downloaded C:\downloads4\cygwin2/ftp%3a%2f%2farchive.progeny.com%2fcygwin/release/sed/sed-4.0.1-1.tar.bz2
2002/11/22 23:32:00 Downloaded C:\downloads4\cygwin2/ftp%3a%2f%2farchive.progeny.com%2fcygwin/release/sh-utils/sh-utils-2.0-2.tar.gz
2002/11/22 23:32:01 Downloaded C:\downloads4\cygwin2/ftp%3a%2f%2farchive.progeny.com%2fcygwin/release/tar/tar-1.13.25-1.tar.bz2
2002/11/22 23:32:02 Downloaded C:\downloads4\cygwin2/ftp%3a%2f%2farchive.progeny.com%2fcygwin/release/termcap/termcap-20020930-1.tar.bz2
2002/11/22 23:32:03 Downloaded C:\downloads4\cygwin2/ftp%3a%2f%2farchive.progeny.com%2fcygwin/release/terminfo/terminfo-5.2-3.tar.bz2
2002/11/22 23:32:05 Downloaded C:\downloads4\cygwin2/ftp%3a%2f%2farchive.progeny.com%2fcygwin/release/texinfo/texinfo-4.2-4.tar.bz2
2002/11/22 23:32:08 Downloaded C:\downloads4\cygwin2/ftp%3a%2f%2farchive.progeny.com%2fcygwin/release/textutils/textutils-2.0.21-1.tar.bz2
2002/11/22 23:32:10 Downloaded C:\downloads4\cygwin2/ftp%3a%2f%2farchive.progeny.com%2fcygwin/release/w32api/w32api-2.0-1.tar.bz2
2002/11/22 23:32:10 Downloaded C:\downloads4\cygwin2/ftp%3a%2f%2farchive.progeny.com%2fcygwin/release/which/which-1.5-1.tar.bz2
2002/11/22 23:32:11 Downloaded C:\downloads4\cygwin2/ftp%3a%2f%2farchive.progeny.com%2fcygwin/release/zlib/zlib-1.1.4-1.tar.bz2
2002/11/22 23:32:11 Downloaded C:\downloads4\cygwin2/ftp%3a%2f%2farchive.progeny.com%2fcygwin/release/_update-info-dir/_update-info-dir-00092-1.tar.bz2
2002/11/22 23:32:12 Installing file://C:\downloads4\cygwin2/ftp%3a%2f%2farchive.progeny.com%2fcygwin/release/ash/ash-20020731-1.tar.bz2
2002/11/22 23:32:12 compress_bz::error called
2002/11/22 23:32:12 Installing file://C:\downloads4\cygwin2/ftp%3a%2f%2farchive.progeny.com%2fcygwin/release/base-files/base-files-1.0-1.tar.bz2
2002/11/22 23:32:12 compress_bz::error called
2002/11/22 23:32:12 Installing file://C:\downloads4\cygwin2/ftp%3a%2f%2farchive.progeny.com%2fcygwin/release/base-passwd/base-passwd-1.0-1.tar.bz2
2002/11/22 23:32:12 compress_bz::error called
2002/11/22 23:32:12 Installing file://C:\downloads4\cygwin2/ftp%3a%2f%2farchive.progeny.com%2fcygwin/release/bash/bash-2.05b-8.tar.bz2
2002/11/22 23:32:12 compress_bz::error called
2002/11/22 23:32:12 Installing file://C:\downloads4\cygwin2/ftp%3a%2f%2farchive.progeny.com%2fcygwin/release/binutils/binutils-20021117-1.tar.bz2
2002/11/22 23:32:12 compress_bz::error called
2002/11/22 23:32:17 Installing file://C:\downloads4\cygwin2/ftp%3a%2f%2farchive.progeny.com%2fcygwin/release/cygwin/cygwin-1.3.15-2.tar.bz2
2002/11/22 23:32:17 compress_bz::error called
2002/11/22 23:32:18 Installing file://C:\downloads4\cygwin2/ftp%3a%2f%2farchive.progeny.com%2fcygwin/release/diff/diff-1.0-1.tar.bz2
2002/11/22 23:32:18 compress_bz::error called
2002/11/22 23:32:18 Installing file://C:\downloads4\cygwin2/ftp%3a%2f%2farchive.progeny.com%2fcygwin/release/diffutils/diffutils-2.8.1-1.tar.bz2
2002/11/22 23:32:18 compress_bz::error called
2002/11/22 23:32:19 Installing file://C:\downloads4\cygwin2/ftp%3a%2f%2farchive.progeny.com%2fcygwin/release/fileutils/fileutils-4.1-1.tar.bz2
2002/11/22 23:32:19 compress_bz::error called
2002/11/22 23:32:20 Installing file://C:\downloads4\cygwin2/ftp%3a%2f%2farchive.progeny.com%2fcygwin/release/findutils/findutils-4.1.7-4.tar.bz2
2002/11/22 23:32:20 compress_bz::error called
2002/11/22 23:32:21 Installing file://C:\downloads4\cygwin2/ftp%3a%2f%2farchive.progeny.com%2fcygwin/release/gawk/gawk-3.1.1-5.tar.bz2
2002/11/22 23:32:21 compress_bz::error called
2002/11/22 23:32:22 Installing file://C:\downloads4\cygwin2/ftp%3a%2f%2farchive.progeny.com%2fcygwin/release/gdbm/gdbm-1.8.0-4.tar.bz2
2002/11/22 23:32:22 compress_bz::error called
2002/11/22 23:32:22 Installing file://C:\downloads4\cygwin2/ftp%3a%2f%2farchive.progeny.com%2fcygwin/release/grep/grep-2.5-1.tar.bz2
2002/11/22 23:32:22 compress_bz::error called
2002/11/22 23:32:22 Installing file://C:\downloads4\cygwin2/ftp%3a%2f%2farchive.progeny.com%2fcygwin/release/gzip/gzip-1.3.3-4.tar.bz2
2002/11/22 23:32:22 compress_bz::error called
2002/11/22 23:32:22 Installing file://C:\downloads4\cygwin2/ftp%3a%2f%2farchive.progeny.com%2fcygwin/release/libiconv/libiconv2/libiconv2-1.8-2.tar.bz2
2002/11/22 23:32:22 compress_bz::error called
2002/11/22 23:32:23 Installing file://C:\downloads4\cygwin2/ftp%3a%2f%2farchive.progeny.com%2fcygwin/release/gettext/libintl1/libintl1-0.10.40-1.tar.bz2
2002/11/22 23:32:23 compress_bz::error called
2002/11/22 23:32:23 Installing file://C:\downloads4\cygwin2/ftp%3a%2f%2farchive.progeny.com%2fcygwin/release/gettext/libintl2/libintl2-0.11.5-1.tar.bz2
2002/11/22 23:32:23 compress_bz::error called
2002/11/22 23:32:23 Installing file://C:\downloads4\cygwin2/ftp%3a%2f%2farchive.progeny.com%2fcygwin/release/ncurses/libncurses5/libncurses5-5.2-1.tar.bz2
2002/11/22 23:32:23 compress_bz::error called
2002/11/22 23:32:23 Installing file://C:\downloads4\cygwin2/ftp%3a%2f%2farchive.progeny.com%2fcygwin/release/ncurses/libncurses6/libncurses6-5.2-8.tar.bz2
2002/11/22 23:32:23 compress_bz::error called
2002/11/22 23:32:23 Installing file://C:\downloads4\cygwin2/ftp%3a%2f%2farchive.progeny.com%2fcygwin/release/readline/libreadline4/libreadline4-4.1-2.tar.bz2
2002/11/22 23:32:23 compress_bz::error called
2002/11/22 23:32:23 Installing file://C:\downloads4\cygwin2/ftp%3a%2f%2farchive.progeny.com%2fcygwin/release/readline/libreadline5/libreadline5-4.3-2.tar.bz2
2002/11/22 23:32:23 compress_bz::error called
2002/11/22 23:32:23 Installing file://C:\downloads4\cygwin2/ftp%3a%2f%2farchive.progeny.com%2fcygwin/release/login/login-1.7-1.tar.bz2
2002/11/22 23:32:23 compress_bz::error called
2002/11/22 23:32:23 Installing file://C:\downloads4\cygwin2/ftp%3a%2f%2farchive.progeny.com%2fcygwin/release/make/make-3.79.1-7.tar.bz2
2002/11/22 23:32:23 compress_bz::error called
2002/11/22 23:32:23 Installing file://C:\downloads4\cygwin2/ftp%3a%2f%2farchive.progeny.com%2fcygwin/release/ncurses/ncurses-5.2-8.tar.bz2
2002/11/22 23:32:23 compress_bz::error called
2002/11/22 23:32:29 Installing file://C:\downloads4\cygwin2/ftp%3a%2f%2farchive.progeny.com%2fcygwin/release/pcre/pcre-3.7-1.tar.bz2
2002/11/22 23:32:29 compress_bz::error called
2002/11/22 23:32:29 Installing file://C:\downloads4\cygwin2/http%3a%2f%2fprc-tools.sourceforge.net%2finstall/pilrc/pilrc-2.9p2-cygwin.tar.bz2
2002/11/22 23:32:29 compress_bz::error called
2002/11/22 23:32:30 Installing file://C:\downloads4\cygwin2/http%3a%2f%2fprc-tools.sourceforge.net%2finstall/prc-tools/prc-tools-2.2-cygwin.tar.bz2
2002/11/22 23:32:30 compress_bz::error called
2002/11/22 23:32:33 Installing file://C:\downloads4\cygwin2/http%3a%2f%2fprc-tools.sourceforge.net%2finstall/prc-tools/prc-tools-htmldocs-2.2-cygwin.tar.bz2
2002/11/22 23:32:33 compress_bz::error called
2002/11/22 23:32:44 Installing file://C:\downloads4\cygwin2/ftp%3a%2f%2farchive.progeny.com%2fcygwin/release/readline/readline-4.3-2.tar.bz2
2002/11/22 23:32:44 compress_bz::error called
2002/11/22 23:32:45 Installing file://C:\downloads4\cygwin2/ftp%3a%2f%2farchive.progeny.com%2fcygwin/release/sed/sed-4.0.1-1.tar.bz2
2002/11/22 23:32:45 compress_bz::error called
2002/11/22 23:32:46 Installing file://C:\downloads4\cygwin2/ftp%3a%2f%2farchive.progeny.com%2fcygwin/release/sh-utils/sh-utils-2.0-2.tar.gz
2002/11/22 23:32:49 Installing file://C:\downloads4\cygwin2/ftp%3a%2f%2farchive.progeny.com%2fcygwin/release/tar/tar-1.13.25-1.tar.bz2
2002/11/22 23:32:49 compress_bz::error called
2002/11/22 23:32:50 Installing file://C:\downloads4\cygwin2/ftp%3a%2f%2farchive.progeny.com%2fcygwin/release/termcap/termcap-20020930-1.tar.bz2
2002/11/22 23:32:50 compress_bz::error called
2002/11/22 23:32:50 Installing file://C:\downloads4\cygwin2/ftp%3a%2f%2farchive.progeny.com%2fcygwin/release/terminfo/terminfo-5.2-3.tar.bz2
2002/11/22 23:32:50 compress_bz::error called
2002/11/22 23:33:17 Installing file://C:\downloads4\cygwin2/ftp%3a%2f%2farchive.progeny.com%2fcygwin/release/texinfo/texinfo-4.2-4.tar.bz2
2002/11/22 23:33:17 compress_bz::error called
2002/11/22 23:33:19 Installing file://C:\downloads4\cygwin2/ftp%3a%2f%2farchive.progeny.com%2fcygwin/release/textutils/textutils-2.0.21-1.tar.bz2
2002/11/22 23:33:19 compress_bz::error called
2002/11/22 23:33:20 Installing file://C:\downloads4\cygwin2/ftp%3a%2f%2farchive.progeny.com%2fcygwin/release/w32api/w32api-2.0-1.tar.bz2
2002/11/22 23:33:20 compress_bz::error called
2002/11/22 23:33:23 Installing file://C:\downloads4\cygwin2/ftp%3a%2f%2farchive.progeny.com%2fcygwin/release/which/which-1.5-1.tar.bz2
2002/11/22 23:33:23 compress_bz::error called
2002/11/22 23:33:23 Installing file://C:\downloads4\cygwin2/ftp%3a%2f%2farchive.progeny.com%2fcygwin/release/zlib/zlib-1.1.4-1.tar.bz2
2002/11/22 23:33:23 compress_bz::error called
2002/11/22 23:33:23 Installing file://C:\downloads4\cygwin2/ftp%3a%2f%2farchive.progeny.com%2fcygwin/release/_update-info-dir/_update-info-dir-00092-1.tar.bz2
2002/11/22 23:33:23 compress_bz::error called
2002/11/22 23:34:46 running: C:\cygwin\bin\sh.exe -c /etc/postinstall/profile.sh
2002/11/22 23:34:47 running: C:\cygwin\bin\sh.exe -c /etc/postinstall/passwd-grp.sh
2002/11/22 23:34:47 running: C:\cygwin\bin\sh.exe -c /etc/postinstall/gdbm.sh
2002/11/22 23:34:47 running: C:\cygwin\bin\sh.exe -c /etc/postinstall/readline.sh
2002/11/22 23:34:47 running: C:\cygwin\bin\sh.exe -c /etc/postinstall/update-info-dir.sh
2002/11/22 23:34:48 running: cmd.exe /c C:\cygwin\etc\postinstall\passwd-grp.bat
2002/11/22 23:34:49 mbox note: Installation Complete
2002/11/22 23:34:50 Ending cygwin install
